{"timestamp":"2025-12-06T16:16:14.866163Z","request_id":"","stage":"stage_6_service","level":"INFO","message":"Starting lifecycle rules execution","status":"success"}
{"timestamp":"2025-12-06T16:16:14.866163Z","request_id":"","stage":"stage_6_service","level":"INFO","message":"Lifecycle executor started","status":"success","details":{"interval_minutes":5}}
{"timestamp":"2025-12-06T16:16:14.880587Z","request_id":"","stage":"stage_6_service","level":"INFO","message":"Lifecycle rules execution completed","status":"success","details":{"buckets_processed":0,"total_actions":0}}
{"timestamp":"2025-12-06T16:16:48.619525Z","request_id":"","stage":"stage_6_service","level":"INFO","message":"Starting lifecycle rules execution","status":"success"}
{"timestamp":"2025-12-06T16:16:48.619525Z","request_id":"","stage":"stage_6_service","level":"INFO","message":"Lifecycle executor started","status":"success","details":{"interval_minutes":5}}
{"timestamp":"2025-12-06T16:16:48.640842Z","request_id":"","stage":"stage_6_service","level":"INFO","message":"Lifecycle rules execution completed","status":"success","details":{"buckets_processed":0,"total_actions":0}}
{"timestamp":"2025-12-06T16:17:20.691722Z","request_id":"","stage":"stage_6_service","level":"INFO","message":"Starting lifecycle rules execution","status":"success"}
{"timestamp":"2025-12-06T16:17:20.691722Z","request_id":"","stage":"stage_6_service","level":"INFO","message":"Lifecycle executor started","status":"success","details":{"interval_minutes":5}}
{"timestamp":"2025-12-06T16:17:20.706437Z","request_id":"","stage":"stage_6_service","level":"INFO","message":"Lifecycle rules execution completed","status":"success","details":{"buckets_processed":0,"total_actions":0}}
{"timestamp":"2025-12-06T16:17:56.979206Z","request_id":"","stage":"stage_6_service","level":"INFO","message":"Starting lifecycle rules execution","status":"success"}
{"timestamp":"2025-12-06T16:17:56.979206Z","request_id":"","stage":"stage_6_service","level":"INFO","message":"Lifecycle executor started","status":"success","details":{"interval_minutes":5}}
{"timestamp":"2025-12-06T16:17:56.996037Z","request_id":"","stage":"stage_6_service","level":"INFO","message":"Lifecycle rules execution completed","status":"success","details":{"buckets_processed":0,"total_actions":0}}
{"timestamp":"2025-12-06T16:18:27.797034Z","request_id":"","stage":"stage_6_service","level":"INFO","message":"Starting lifecycle rules execution","status":"success"}
{"timestamp":"2025-12-06T16:18:27.797034Z","request_id":"","stage":"stage_6_service","level":"INFO","message":"Lifecycle executor started","status":"success","details":{"interval_minutes":5}}
{"timestamp":"2025-12-06T16:18:27.818064Z","request_id":"","stage":"stage_6_service","level":"INFO","message":"Lifecycle rules execution completed","status":"success","details":{"buckets_processed":0,"total_actions":0}}
{"timestamp":"2025-12-06T16:18:27.941567Z","request_id":"","stage":"stage_6_service","level":"INFO","message":"Creating compute instance","status":"success","details":{"project_id":"test-project","zone":"us-central1-a","name":"test-instance","machine_type":"e2-medium"}}
{"timestamp":"2025-12-06T16:18:27.941567Z","request_id":"","stage":"stage_7_repository","level":"INFO","message":"Querying instance","status":"success","details":{"project_id":"test-project","zone":"us-central1-a","name":"test-instance"}}
{"timestamp":"2025-12-06T16:18:27.953462Z","request_id":"","stage":"stage_7_repository","level":"INFO","message":"Creating instance in database","status":"success","details":{"instance_name":"test-instance","project_id":"test-project","zone":"us-central1-a"}}
{"timestamp":"2025-12-06T16:18:27.956451Z","request_id":"","stage":"stage_7_repository","level":"INFO","message":"Instance created successfully","status":"success","details":{"instance_id":"6a8fe440-5e11-4fbc-b9ed-f08b6d98c4ce","duration_ms":2.989053726196289}}
{"timestamp":"2025-12-06T16:18:28.004309Z","request_id":"","stage":"stage_6_service","level":"INFO","message":"Creating compute instance","status":"success","details":{"project_id":"test-project","zone":"us-central1-a","name":"test-instance-no-docker","machine_type":"e2-medium"}}
{"timestamp":"2025-12-06T16:18:28.015939Z","request_id":"","stage":"stage_7_repository","level":"INFO","message":"Querying instance","status":"success","details":{"project_id":"test-project","zone":"us-central1-a","name":"test-instance-no-docker"}}
{"timestamp":"2025-12-06T16:18:28.021013Z","request_id":"","stage":"stage_7_repository","level":"INFO","message":"Creating instance in database","status":"success","details":{"instance_name":"test-instance-no-docker","project_id":"test-project","zone":"us-central1-a"}}
{"timestamp":"2025-12-06T16:18:28.021013Z","request_id":"","stage":"stage_7_repository","level":"INFO","message":"Instance created successfully","status":"success","details":{"instance_id":"f2da134e-6a1e-4fb8-ad30-b2d9ce6443d5","duration_ms":0.0}}
{"timestamp":"2025-12-06T16:18:28.021013Z","request_id":"","stage":"stage_6_service","level":"INFO","message":"Creating Docker container for instance","status":"success","details":{"instance_id":"f2da134e-6a1e-4fb8-ad30-b2d9ce6443d5","image":"python:3.12-slim","container_name":"gce-test-project-us-central1-a-test-instance-no-docker"}}
{"timestamp":"2025-12-06T16:18:28.021013Z","request_id":"","stage":"stage_6_service","level":"INFO","message":"Creating Docker container","status":"success","details":{"image":"python:3.12-slim","name":"gce-test-project-us-central1-a-test-instance-no-docker"}}
{"timestamp":"2025-12-06T16:18:28.021013Z","request_id":"","stage":"stage_6_service","level":"INFO","message":"Executing docker command","status":"success","details":{"command":"docker create --name gce-test-project-us-central1-a-test-instance-no-docker -e GCE_INSTANCE_NAME=test-instance-no-docker -e GCE_ZONE=us-central1-a -e GCE_PROJECT=test-project -e GCE_MACHINE_TYPE=e2-medium python:3.12-slim sleep infinity"}}
{"timestamp":"2025-12-06T16:18:28.035266Z","request_id":"","stage":"stage_6_service","level":"INFO","message":"Docker CLI not found","status":"success","details":{"command":"docker create --name gce-test-project-us-central1-a-test-instance-no-docker -e GCE_INSTANCE_NAME=test-instance-no-docker -e GCE_ZONE=us-central1-a -e GCE_PROJECT=test-project -e GCE_MACHINE_TYPE=e2-medium python:3.12-slim sleep infinity"}}
{"timestamp":"2025-12-06T16:18:28.035266Z","request_id":"","stage":"stage_6_service","level":"INFO","message":"Failed to create container","status":"success","details":{"image":"python:3.12-slim","name":"gce-test-project-us-central1-a-test-instance-no-docker","error":"Docker CLI not found. Is Docker installed?"}}
{"timestamp":"2025-12-06T16:18:28.035266Z","request_id":"","stage":"stage_6_service","level":"INFO","message":"Docker operation failed during instance creation","status":"success","details":{"instance_id":"f2da134e-6a1e-4fb8-ad30-b2d9ce6443d5","error":"Docker CLI not found. Is Docker installed?"}}
{"timestamp":"2025-12-06T16:18:28.035266Z","request_id":"","stage":"stage_7_repository","level":"INFO","message":"Deleting instance","status":"success","details":{"instance_id":"f2da134e-6a1e-4fb8-ad30-b2d9ce6443d5","instance_name":"test-instance-no-docker"}}
{"timestamp":"2025-12-06T16:18:28.035266Z","request_id":"","stage":"stage_7_repository","level":"INFO","message":"Instance deleted successfully","status":"success","details":{"instance_id":"f2da134e-6a1e-4fb8-ad30-b2d9ce6443d5","duration_ms":0.0}}
{"timestamp":"2025-12-06T16:18:28.152021Z","request_id":"","stage":"stage_6_service","level":"INFO","message":"Creating compute instance","status":"success","details":{"project_id":"test-project","zone":"us-central1-a","name":"test-fail-instance","machine_type":"e2-medium"}}
{"timestamp":"2025-12-06T16:18:28.152021Z","request_id":"","stage":"stage_7_repository","level":"INFO","message":"Querying instance","status":"success","details":{"project_id":"test-project","zone":"us-central1-a","name":"test-fail-instance"}}
{"timestamp":"2025-12-06T16:18:28.166098Z","request_id":"","stage":"stage_7_repository","level":"INFO","message":"Creating instance in database","status":"success","details":{"instance_name":"test-fail-instance","project_id":"test-project","zone":"us-central1-a"}}
{"timestamp":"2025-12-06T16:18:28.171166Z","request_id":"","stage":"stage_7_repository","level":"INFO","message":"Instance created successfully","status":"success","details":{"instance_id":"23c7f9e7-5088-41e0-aa24-ed5b29ea643a","duration_ms":5.068540573120117}}
{"timestamp":"2025-12-06T16:18:28.171166Z","request_id":"","stage":"stage_6_service","level":"INFO","message":"Creating Docker container for instance","status":"success","details":{"instance_id":"23c7f9e7-5088-41e0-aa24-ed5b29ea643a","image":"python:3.12-slim","container_name":"gce-test-project-us-central1-a-test-fail-instance"}}
{"timestamp":"2025-12-06T16:18:28.171166Z","request_id":"","stage":"stage_6_service","level":"INFO","message":"Docker operation failed during instance creation","status":"success","details":{"instance_id":"23c7f9e7-5088-41e0-aa24-ed5b29ea643a","error":"Container creation failed"}}
{"timestamp":"2025-12-06T16:18:28.171166Z","request_id":"","stage":"stage_7_repository","level":"INFO","message":"Deleting instance","status":"success","details":{"instance_id":"23c7f9e7-5088-41e0-aa24-ed5b29ea643a","instance_name":"test-fail-instance"}}
{"timestamp":"2025-12-06T16:18:28.185658Z","request_id":"","stage":"stage_7_repository","level":"INFO","message":"Instance deleted successfully","status":"success","details":{"instance_id":"23c7f9e7-5088-41e0-aa24-ed5b29ea643a","duration_ms":14.492273330688477}}
{"timestamp":"2025-12-06T16:18:28.302608Z","request_id":"","stage":"stage_6_service","level":"INFO","message":"Creating compute instance","status":"success","details":{"project_id":"test-project","zone":"us-central1-a","name":"test-start-fail","machine_type":"n1-standard-1"}}
{"timestamp":"2025-12-06T16:18:28.302608Z","request_id":"","stage":"stage_7_repository","level":"INFO","message":"Querying instance","status":"success","details":{"project_id":"test-project","zone":"us-central1-a","name":"test-start-fail"}}
{"timestamp":"2025-12-06T16:18:28.318141Z","request_id":"","stage":"stage_7_repository","level":"INFO","message":"Creating instance in database","status":"success","details":{"instance_name":"test-start-fail","project_id":"test-project","zone":"us-central1-a"}}
{"timestamp":"2025-12-06T16:18:28.319490Z","request_id":"","stage":"stage_7_repository","level":"INFO","message":"Instance created successfully","status":"success","details":{"instance_id":"3eff23ac-2013-4dd5-9f58-2e19c5f4b01b","duration_ms":1.3492107391357422}}
{"timestamp":"2025-12-06T16:18:28.319490Z","request_id":"","stage":"stage_6_service","level":"INFO","message":"Creating Docker container for instance","status":"success","details":{"instance_id":"3eff23ac-2013-4dd5-9f58-2e19c5f4b01b","image":"ubuntu:22.04","container_name":"gce-test-project-us-central1-a-test-start-fail"}}
{"timestamp":"2025-12-06T16:18:28.319490Z","request_id":"","stage":"stage_6_service","level":"INFO","message":"Docker operation failed during instance creation","status":"success","details":{"instance_id":"3eff23ac-2013-4dd5-9f58-2e19c5f4b01b","error":"Start failed"}}
{"timestamp":"2025-12-06T16:18:28.319490Z","request_id":"","stage":"stage_7_repository","level":"INFO","message":"Deleting instance","status":"success","details":{"instance_id":"3eff23ac-2013-4dd5-9f58-2e19c5f4b01b","instance_name":"test-start-fail"}}
{"timestamp":"2025-12-06T16:18:28.333762Z","request_id":"","stage":"stage_7_repository","level":"INFO","message":"Instance deleted successfully","status":"success","details":{"instance_id":"3eff23ac-2013-4dd5-9f58-2e19c5f4b01b","duration_ms":14.271974563598633}}
{"timestamp":"2025-12-06T16:18:28.404592Z","request_id":"","stage":"stage_6_service","level":"INFO","message":"Creating compute instance","status":"success","details":{"project_id":"test-project","zone":"us-central1-a","name":"test-restart","machine_type":"e2-medium"}}
{"timestamp":"2025-12-06T16:18:28.404592Z","request_id":"","stage":"stage_7_repository","level":"INFO","message":"Querying instance","status":"success","details":{"project_id":"test-project","zone":"us-central1-a","name":"test-restart"}}
{"timestamp":"2025-12-06T16:18:28.404592Z","request_id":"","stage":"stage_7_repository","level":"INFO","message":"Creating instance in database","status":"success","details":{"instance_name":"test-restart","project_id":"test-project","zone":"us-central1-a"}}
{"timestamp":"2025-12-06T16:18:28.404592Z","request_id":"","stage":"stage_7_repository","level":"INFO","message":"Instance created successfully","status":"success","details":{"instance_id":"af0aa074-633e-4e85-b10f-a722f34143ae","duration_ms":0.0}}
{"timestamp":"2025-12-06T16:18:28.454481Z","request_id":"","stage":"stage_6_service","level":"INFO","message":"Creating compute instance","status":"success","details":{"project_id":"test-project","zone":"us-central1-a","name":"test-start-error","machine_type":"e2-medium"}}
{"timestamp":"2025-12-06T16:18:28.454481Z","request_id":"","stage":"stage_7_repository","level":"INFO","message":"Querying instance","status":"success","details":{"project_id":"test-project","zone":"us-central1-a","name":"test-start-error"}}
{"timestamp":"2025-12-06T16:18:28.454481Z","request_id":"","stage":"stage_7_repository","level":"INFO","message":"Creating instance in database","status":"success","details":{"instance_name":"test-start-error","project_id":"test-project","zone":"us-central1-a"}}
{"timestamp":"2025-12-06T16:18:28.454481Z","request_id":"","stage":"stage_7_repository","level":"INFO","message":"Instance created successfully","status":"success","details":{"instance_id":"4f440af7-4b9f-4441-a47a-be6f18a7db98","duration_ms":0.0}}
{"timestamp":"2025-12-06T16:18:28.466832Z","request_id":"","stage":"stage_6_service","level":"INFO","message":"Creating Docker container for instance","status":"success","details":{"instance_id":"4f440af7-4b9f-4441-a47a-be6f18a7db98","image":"python:3.12-slim","container_name":"gce-test-project-us-central1-a-test-start-error"}}
{"timestamp":"2025-12-06T16:18:28.470500Z","request_id":"","stage":"stage_6_service","level":"INFO","message":"Docker container created and started","status":"success","details":{"instance_id":"4f440af7-4b9f-4441-a47a-be6f18a7db98","container_id":"test-container"}}
{"timestamp":"2025-12-06T16:18:28.470500Z","request_id":"","stage":"stage_7_repository","level":"INFO","message":"Updating instance status","status":"success","details":{"instance_id":"4f440af7-4b9f-4441-a47a-be6f18a7db98","old_status":"PROVISIONING","new_status":"STAGING"}}
{"timestamp":"2025-12-06T16:18:28.470500Z","request_id":"","stage":"stage_7_repository","level":"INFO","message":"Status updated successfully","status":"success","details":{"instance_id":"4f440af7-4b9f-4441-a47a-be6f18a7db98","status":"STAGING","duration_ms":0.0}}
{"timestamp":"2025-12-06T16:18:28.470500Z","request_id":"","stage":"stage_7_repository","level":"INFO","message":"Updating instance status","status":"success","details":{"instance_id":"4f440af7-4b9f-4441-a47a-be6f18a7db98","old_status":"STAGING","new_status":"RUNNING"}}
{"timestamp":"2025-12-06T16:18:28.470500Z","request_id":"","stage":"stage_7_repository","level":"INFO","message":"Status updated successfully","status":"success","details":{"instance_id":"4f440af7-4b9f-4441-a47a-be6f18a7db98","status":"RUNNING","duration_ms":0.0}}
{"timestamp":"2025-12-06T16:18:28.470500Z","request_id":"","stage":"stage_6_service","level":"INFO","message":"Instance created and transitioned to RUNNING","status":"success","details":{"instance_id":"4f440af7-4b9f-4441-a47a-be6f18a7db98","instance_name":"test-start-error","status":"RUNNING","duration_ms":16.01886749267578}}
{"timestamp":"2025-12-06T16:18:28.470500Z","request_id":"","stage":"stage_6_service","level":"INFO","message":"Stopping instance","status":"success","details":{"project_id":"test-project","zone":"us-central1-a","name":"test-start-error"}}
{"timestamp":"2025-12-06T16:18:28.470500Z","request_id":"","stage":"stage_6_service","level":"INFO","message":"Getting instance","status":"success","details":{"project_id":"test-project","zone":"us-central1-a","name":"test-start-error"}}
{"timestamp":"2025-12-06T16:18:28.470500Z","request_id":"","stage":"stage_7_repository","level":"INFO","message":"Querying instance","status":"success","details":{"project_id":"test-project","zone":"us-central1-a","name":"test-start-error"}}
{"timestamp":"2025-12-06T16:18:28.470500Z","request_id":"","stage":"stage_6_service","level":"INFO","message":"Stopping Docker container","status":"success","details":{"instance_id":"4f440af7-4b9f-4441-a47a-be6f18a7db98","container_id":"test-container"}}
{"timestamp":"2025-12-06T16:18:28.470500Z","request_id":"","stage":"stage_7_repository","level":"INFO","message":"Updating instance status","status":"success","details":{"instance_id":"4f440af7-4b9f-4441-a47a-be6f18a7db98","old_status":"RUNNING","new_status":"STOPPING"}}
{"timestamp":"2025-12-06T16:18:28.484448Z","request_id":"","stage":"stage_7_repository","level":"INFO","message":"Status updated successfully","status":"success","details":{"instance_id":"4f440af7-4b9f-4441-a47a-be6f18a7db98","status":"STOPPING","duration_ms":13.94796371459961}}
{"timestamp":"2025-12-06T16:18:28.485448Z","request_id":"","stage":"stage_7_repository","level":"INFO","message":"Updating instance status","status":"success","details":{"instance_id":"4f440af7-4b9f-4441-a47a-be6f18a7db98","old_status":"STOPPING","new_status":"TERMINATED"}}
{"timestamp":"2025-12-06T16:18:28.486533Z","request_id":"","stage":"stage_7_repository","level":"INFO","message":"Status updated successfully","status":"success","details":{"instance_id":"4f440af7-4b9f-4441-a47a-be6f18a7db98","status":"TERMINATED","duration_ms":1.085042953491211}}
{"timestamp":"2025-12-06T16:18:28.486533Z","request_id":"","stage":"stage_6_service","level":"INFO","message":"Instance stopped successfully","status":"success","details":{"instance_id":"4f440af7-4b9f-4441-a47a-be6f18a7db98","status":"TERMINATED","duration_ms":16.033172607421875}}
{"timestamp":"2025-12-06T16:18:28.486533Z","request_id":"","stage":"stage_6_service","level":"INFO","message":"Starting instance","status":"success","details":{"project_id":"test-project","zone":"us-central1-a","name":"test-start-error"}}
{"timestamp":"2025-12-06T16:18:28.486533Z","request_id":"","stage":"stage_6_service","level":"INFO","message":"Getting instance","status":"success","details":{"project_id":"test-project","zone":"us-central1-a","name":"test-start-error"}}
{"timestamp":"2025-12-06T16:18:28.486533Z","request_id":"","stage":"stage_7_repository","level":"INFO","message":"Querying instance","status":"success","details":{"project_id":"test-project","zone":"us-central1-a","name":"test-start-error"}}
{"timestamp":"2025-12-06T16:18:28.486533Z","request_id":"","stage":"stage_6_service","level":"INFO","message":"Starting Docker container","status":"success","details":{"instance_id":"4f440af7-4b9f-4441-a47a-be6f18a7db98","container_id":"test-container"}}
{"timestamp":"2025-12-06T16:18:28.486533Z","request_id":"","stage":"stage_6_service","level":"INFO","message":"Failed to start Docker container","status":"success","details":{"instance_id":"4f440af7-4b9f-4441-a47a-be6f18a7db98","container_id":"test-container","error":"Start failed"}}
{"timestamp":"2025-12-06T16:18:28.635801Z","request_id":"","stage":"stage_6_service","level":"INFO","message":"Creating compute instance","status":"success","details":{"project_id":"test-project","zone":"us-central1-a","name":"test-stop","machine_type":"e2-medium"}}
{"timestamp":"2025-12-06T16:18:28.635801Z","request_id":"","stage":"stage_7_repository","level":"INFO","message":"Querying instance","status":"success","details":{"project_id":"test-project","zone":"us-central1-a","name":"test-stop"}}
{"timestamp":"2025-12-06T16:18:28.635801Z","request_id":"","stage":"stage_7_repository","level":"INFO","message":"Creating instance in database","status":"success","details":{"instance_name":"test-stop","project_id":"test-project","zone":"us-central1-a"}}
{"timestamp":"2025-12-06T16:18:28.652207Z","request_id":"","stage":"stage_7_repository","level":"INFO","message":"Instance created successfully","status":"success","details":{"instance_id":"a366b778-cb50-403a-bd13-1ffe24884829","duration_ms":16.40605926513672}}
{"timestamp":"2025-12-06T16:18:28.703742Z","request_id":"","stage":"stage_6_service","level":"INFO","message":"Creating compute instance","status":"success","details":{"project_id":"test-project","zone":"us-central1-a","name":"test-stop-error","machine_type":"e2-medium"}}
{"timestamp":"2025-12-06T16:18:28.718854Z","request_id":"","stage":"stage_7_repository","level":"INFO","message":"Querying instance","status":"success","details":{"project_id":"test-project","zone":"us-central1-a","name":"test-stop-error"}}
{"timestamp":"2025-12-06T16:18:28.720575Z","request_id":"","stage":"stage_7_repository","level":"INFO","message":"Creating instance in database","status":"success","details":{"instance_name":"test-stop-error","project_id":"test-project","zone":"us-central1-a"}}
{"timestamp":"2025-12-06T16:18:28.720575Z","request_id":"","stage":"stage_7_repository","level":"INFO","message":"Instance created successfully","status":"success","details":{"instance_id":"3e0c50dd-d708-4f2c-a9fb-b6d6e0c12160","duration_ms":0.0}}
{"timestamp":"2025-12-06T16:18:28.720575Z","request_id":"","stage":"stage_6_service","level":"INFO","message":"Creating Docker container for instance","status":"success","details":{"instance_id":"3e0c50dd-d708-4f2c-a9fb-b6d6e0c12160","image":"python:3.12-slim","container_name":"gce-test-project-us-central1-a-test-stop-error"}}
{"timestamp":"2025-12-06T16:18:28.720575Z","request_id":"","stage":"stage_6_service","level":"INFO","message":"Docker container created and started","status":"success","details":{"instance_id":"3e0c50dd-d708-4f2c-a9fb-b6d6e0c12160","container_id":"test-container"}}
{"timestamp":"2025-12-06T16:18:28.720575Z","request_id":"","stage":"stage_7_repository","level":"INFO","message":"Updating instance status","status":"success","details":{"instance_id":"3e0c50dd-d708-4f2c-a9fb-b6d6e0c12160","old_status":"PROVISIONING","new_status":"STAGING"}}
{"timestamp":"2025-12-06T16:18:28.720575Z","request_id":"","stage":"stage_7_repository","level":"INFO","message":"Status updated successfully","status":"success","details":{"instance_id":"3e0c50dd-d708-4f2c-a9fb-b6d6e0c12160","status":"STAGING","duration_ms":0.0}}
{"timestamp":"2025-12-06T16:18:28.720575Z","request_id":"","stage":"stage_7_repository","level":"INFO","message":"Updating instance status","status":"success","details":{"instance_id":"3e0c50dd-d708-4f2c-a9fb-b6d6e0c12160","old_status":"STAGING","new_status":"RUNNING"}}
{"timestamp":"2025-12-06T16:18:28.735088Z","request_id":"","stage":"stage_7_repository","level":"INFO","message":"Status updated successfully","status":"success","details":{"instance_id":"3e0c50dd-d708-4f2c-a9fb-b6d6e0c12160","status":"RUNNING","duration_ms":14.51253890991211}}
{"timestamp":"2025-12-06T16:18:28.735088Z","request_id":"","stage":"stage_6_service","level":"INFO","message":"Instance created and transitioned to RUNNING","status":"success","details":{"instance_id":"3e0c50dd-d708-4f2c-a9fb-b6d6e0c12160","instance_name":"test-stop-error","status":"RUNNING","duration_ms":31.345605850219727}}
{"timestamp":"2025-12-06T16:18:28.735088Z","request_id":"","stage":"stage_6_service","level":"INFO","message":"Stopping instance","status":"success","details":{"project_id":"test-project","zone":"us-central1-a","name":"test-stop-error"}}
{"timestamp":"2025-12-06T16:18:28.735088Z","request_id":"","stage":"stage_6_service","level":"INFO","message":"Getting instance","status":"success","details":{"project_id":"test-project","zone":"us-central1-a","name":"test-stop-error"}}
{"timestamp":"2025-12-06T16:18:28.735088Z","request_id":"","stage":"stage_7_repository","level":"INFO","message":"Querying instance","status":"success","details":{"project_id":"test-project","zone":"us-central1-a","name":"test-stop-error"}}
{"timestamp":"2025-12-06T16:18:28.735088Z","request_id":"","stage":"stage_6_service","level":"INFO","message":"Stopping Docker container","status":"success","details":{"instance_id":"3e0c50dd-d708-4f2c-a9fb-b6d6e0c12160","container_id":"test-container"}}
{"timestamp":"2025-12-06T16:18:28.735088Z","request_id":"","stage":"stage_6_service","level":"INFO","message":"Failed to stop Docker container","status":"success","details":{"instance_id":"3e0c50dd-d708-4f2c-a9fb-b6d6e0c12160","container_id":"test-container","error":"Stop failed"}}
{"timestamp":"2025-12-06T16:18:28.820324Z","request_id":"","stage":"stage_6_service","level":"INFO","message":"Creating compute instance","status":"success","details":{"project_id":"test-project","zone":"us-central1-a","name":"test-delete","machine_type":"e2-medium"}}
{"timestamp":"2025-12-06T16:18:28.820324Z","request_id":"","stage":"stage_7_repository","level":"INFO","message":"Querying instance","status":"success","details":{"project_id":"test-project","zone":"us-central1-a","name":"test-delete"}}
{"timestamp":"2025-12-06T16:18:28.835218Z","request_id":"","stage":"stage_7_repository","level":"INFO","message":"Creating instance in database","status":"success","details":{"instance_name":"test-delete","project_id":"test-project","zone":"us-central1-a"}}
{"timestamp":"2025-12-06T16:18:28.835218Z","request_id":"","stage":"stage_7_repository","level":"INFO","message":"Instance created successfully","status":"success","details":{"instance_id":"42e122e3-a2ca-492b-b0bb-1a7c245b8eef","duration_ms":0.0}}
{"timestamp":"2025-12-06T16:18:28.903919Z","request_id":"","stage":"stage_6_service","level":"INFO","message":"Creating compute instance","status":"success","details":{"project_id":"test-project","zone":"us-central1-a","name":"test-delete-error","machine_type":"e2-medium"}}
{"timestamp":"2025-12-06T16:18:28.903919Z","request_id":"","stage":"stage_7_repository","level":"INFO","message":"Querying instance","status":"success","details":{"project_id":"test-project","zone":"us-central1-a","name":"test-delete-error"}}
{"timestamp":"2025-12-06T16:18:28.903919Z","request_id":"","stage":"stage_7_repository","level":"INFO","message":"Creating instance in database","status":"success","details":{"instance_name":"test-delete-error","project_id":"test-project","zone":"us-central1-a"}}
{"timestamp":"2025-12-06T16:18:28.903919Z","request_id":"","stage":"stage_7_repository","level":"INFO","message":"Instance created successfully","status":"success","details":{"instance_id":"2bf19471-98a5-4d02-9baa-708ffd370dc5","duration_ms":0.0}}
{"timestamp":"2025-12-06T16:18:28.920247Z","request_id":"","stage":"stage_6_service","level":"INFO","message":"Creating Docker container for instance","status":"success","details":{"instance_id":"2bf19471-98a5-4d02-9baa-708ffd370dc5","image":"python:3.12-slim","container_name":"gce-test-project-us-central1-a-test-delete-error"}}
{"timestamp":"2025-12-06T16:18:28.921827Z","request_id":"","stage":"stage_6_service","level":"INFO","message":"Docker container created and started","status":"success","details":{"instance_id":"2bf19471-98a5-4d02-9baa-708ffd370dc5","container_id":"test-container"}}
{"timestamp":"2025-12-06T16:18:28.921827Z","request_id":"","stage":"stage_7_repository","level":"INFO","message":"Updating instance status","status":"success","details":{"instance_id":"2bf19471-98a5-4d02-9baa-708ffd370dc5","old_status":"PROVISIONING","new_status":"STAGING"}}
{"timestamp":"2025-12-06T16:18:28.921827Z","request_id":"","stage":"stage_7_repository","level":"INFO","message":"Status updated successfully","status":"success","details":{"instance_id":"2bf19471-98a5-4d02-9baa-708ffd370dc5","status":"STAGING","duration_ms":0.0}}
{"timestamp":"2025-12-06T16:18:28.921827Z","request_id":"","stage":"stage_7_repository","level":"INFO","message":"Updating instance status","status":"success","details":{"instance_id":"2bf19471-98a5-4d02-9baa-708ffd370dc5","old_status":"STAGING","new_status":"RUNNING"}}
{"timestamp":"2025-12-06T16:18:28.935527Z","request_id":"","stage":"stage_7_repository","level":"INFO","message":"Status updated successfully","status":"success","details":{"instance_id":"2bf19471-98a5-4d02-9baa-708ffd370dc5","status":"RUNNING","duration_ms":13.700008392333984}}
{"timestamp":"2025-12-06T16:18:28.935527Z","request_id":"","stage":"stage_6_service","level":"INFO","message":"Instance created and transitioned to RUNNING","status":"success","details":{"instance_id":"2bf19471-98a5-4d02-9baa-708ffd370dc5","instance_name":"test-delete-error","status":"RUNNING","duration_ms":31.60834312438965}}
{"timestamp":"2025-12-06T16:18:28.935527Z","request_id":"","stage":"stage_6_service","level":"INFO","message":"Deleting instance","status":"success","details":{"project_id":"test-project","zone":"us-central1-a","name":"test-delete-error"}}
{"timestamp":"2025-12-06T16:18:28.935527Z","request_id":"","stage":"stage_6_service","level":"INFO","message":"Getting instance","status":"success","details":{"project_id":"test-project","zone":"us-central1-a","name":"test-delete-error"}}
{"timestamp":"2025-12-06T16:18:28.935527Z","request_id":"","stage":"stage_7_repository","level":"INFO","message":"Querying instance","status":"success","details":{"project_id":"test-project","zone":"us-central1-a","name":"test-delete-error"}}
{"timestamp":"2025-12-06T16:18:28.935527Z","request_id":"","stage":"stage_6_service","level":"INFO","message":"Stopping and removing Docker container","status":"success","details":{"instance_id":"2bf19471-98a5-4d02-9baa-708ffd370dc5","container_id":"test-container"}}
{"timestamp":"2025-12-06T16:18:28.950445Z","request_id":"","stage":"stage_6_service","level":"INFO","message":"Docker operation failed during deletion (continuing anyway)","status":"success","details":{"instance_id":"2bf19471-98a5-4d02-9baa-708ffd370dc5","container_id":"test-container","error":"Stop failed"}}
{"timestamp":"2025-12-06T16:18:28.952073Z","request_id":"","stage":"stage_6_service","level":"INFO","message":"Instance is RUNNING, forcing stop before delete","status":"success","details":{"instance_id":"2bf19471-98a5-4d02-9baa-708ffd370dc5"}}
{"timestamp":"2025-12-06T16:18:28.952073Z","request_id":"","stage":"stage_7_repository","level":"INFO","message":"Updating instance status","status":"success","details":{"instance_id":"2bf19471-98a5-4d02-9baa-708ffd370dc5","old_status":"RUNNING","new_status":"STOPPING"}}
{"timestamp":"2025-12-06T16:18:28.952073Z","request_id":"","stage":"stage_7_repository","level":"INFO","message":"Status updated successfully","status":"success","details":{"instance_id":"2bf19471-98a5-4d02-9baa-708ffd370dc5","status":"STOPPING","duration_ms":0.0}}
{"timestamp":"2025-12-06T16:18:28.952073Z","request_id":"","stage":"stage_7_repository","level":"INFO","message":"Updating instance status","status":"success","details":{"instance_id":"2bf19471-98a5-4d02-9baa-708ffd370dc5","old_status":"STOPPING","new_status":"TERMINATED"}}
{"timestamp":"2025-12-06T16:18:28.952073Z","request_id":"","stage":"stage_7_repository","level":"INFO","message":"Status updated successfully","status":"success","details":{"instance_id":"2bf19471-98a5-4d02-9baa-708ffd370dc5","status":"TERMINATED","duration_ms":0.0}}
{"timestamp":"2025-12-06T16:18:28.952073Z","request_id":"","stage":"stage_7_repository","level":"INFO","message":"Deleting instance","status":"success","details":{"instance_id":"2bf19471-98a5-4d02-9baa-708ffd370dc5","instance_name":"test-delete-error"}}
{"timestamp":"2025-12-06T16:18:28.966818Z","request_id":"","stage":"stage_7_repository","level":"INFO","message":"Instance deleted successfully","status":"success","details":{"instance_id":"2bf19471-98a5-4d02-9baa-708ffd370dc5","duration_ms":14.745473861694336}}
{"timestamp":"2025-12-06T16:18:28.968422Z","request_id":"","stage":"stage_6_service","level":"INFO","message":"Instance deleted successfully","status":"success","details":{"instance_id":"2bf19471-98a5-4d02-9baa-708ffd370dc5","duration_ms":32.89508819580078}}
{"timestamp":"2025-12-06T16:18:29.023405Z","request_id":"","stage":"stage_6_service","level":"INFO","message":"Creating compute instance","status":"success","details":{"project_id":"test-project","zone":"us-central1-a","name":"test-e2","machine_type":"e2-medium"}}
{"timestamp":"2025-12-06T16:18:29.025396Z","request_id":"","stage":"stage_7_repository","level":"INFO","message":"Querying instance","status":"success","details":{"project_id":"test-project","zone":"us-central1-a","name":"test-e2"}}
{"timestamp":"2025-12-06T16:18:29.025396Z","request_id":"","stage":"stage_7_repository","level":"INFO","message":"Creating instance in database","status":"success","details":{"instance_name":"test-e2","project_id":"test-project","zone":"us-central1-a"}}
{"timestamp":"2025-12-06T16:18:29.025396Z","request_id":"","stage":"stage_7_repository","level":"INFO","message":"Instance created successfully","status":"success","details":{"instance_id":"70a97d09-4810-42d0-8fc9-86472560506c","duration_ms":0.0}}
{"timestamp":"2025-12-06T16:18:29.075393Z","request_id":"","stage":"stage_6_service","level":"INFO","message":"Creating compute instance","status":"success","details":{"project_id":"test-project","zone":"us-central1-a","name":"test-n1","machine_type":"n1-standard-1"}}
{"timestamp":"2025-12-06T16:18:29.075393Z","request_id":"","stage":"stage_7_repository","level":"INFO","message":"Querying instance","status":"success","details":{"project_id":"test-project","zone":"us-central1-a","name":"test-n1"}}
{"timestamp":"2025-12-06T16:18:29.083334Z","request_id":"","stage":"stage_7_repository","level":"INFO","message":"Creating instance in database","status":"success","details":{"instance_name":"test-n1","project_id":"test-project","zone":"us-central1-a"}}
{"timestamp":"2025-12-06T16:18:29.087148Z","request_id":"","stage":"stage_7_repository","level":"INFO","message":"Instance created successfully","status":"success","details":{"instance_id":"75a3fb3d-e9b4-4d20-9fa9-258caf814643","duration_ms":3.8139820098876953}}
{"timestamp":"2025-12-06T16:18:29.120412Z","request_id":"","stage":"stage_6_service","level":"INFO","message":"Creating compute instance","status":"success","details":{"project_id":"test-project","zone":"us-central1-a","name":"test-env","machine_type":"e2-medium"}}
{"timestamp":"2025-12-06T16:18:29.120412Z","request_id":"","stage":"stage_7_repository","level":"INFO","message":"Querying instance","status":"success","details":{"project_id":"test-project","zone":"us-central1-a","name":"test-env"}}
{"timestamp":"2025-12-06T16:18:29.134322Z","request_id":"","stage":"stage_7_repository","level":"INFO","message":"Creating instance in database","status":"success","details":{"instance_name":"test-env","project_id":"test-project","zone":"us-central1-a"}}
{"timestamp":"2025-12-06T16:18:29.138589Z","request_id":"","stage":"stage_7_repository","level":"INFO","message":"Instance created successfully","status":"success","details":{"instance_id":"633da2e1-98ea-4708-bbda-9ff5d2a70753","duration_ms":4.266500473022461}}
{"timestamp":"2025-12-06T16:18:29.170671Z","request_id":"","stage":"stage_6_service","level":"INFO","message":"Creating compute instance","status":"success","details":{"project_id":"test-project","zone":"us-west1-b","name":"test-info","machine_type":"n2-standard-2"}}
{"timestamp":"2025-12-06T16:18:29.170671Z","request_id":"","stage":"stage_7_repository","level":"INFO","message":"Querying instance","status":"success","details":{"project_id":"test-project","zone":"us-west1-b","name":"test-info"}}
{"timestamp":"2025-12-06T16:18:29.184371Z","request_id":"","stage":"stage_7_repository","level":"INFO","message":"Creating instance in database","status":"success","details":{"instance_name":"test-info","project_id":"test-project","zone":"us-west1-b"}}
{"timestamp":"2025-12-06T16:18:29.188326Z","request_id":"","stage":"stage_7_repository","level":"INFO","message":"Instance created successfully","status":"success","details":{"instance_id":"0ac31ca3-b5b2-4859-b586-a3492944fe97","duration_ms":3.9548873901367188}}
{"timestamp":"2025-12-06T16:18:29.220981Z","request_id":"","stage":"stage_6_service","level":"INFO","message":"Creating compute instance","status":"success","details":{"project_id":"test-project","zone":"us-central1-a","name":"test-idempotent","machine_type":"e2-medium"}}
{"timestamp":"2025-12-06T16:18:29.220981Z","request_id":"","stage":"stage_7_repository","level":"INFO","message":"Querying instance","status":"success","details":{"project_id":"test-project","zone":"us-central1-a","name":"test-idempotent"}}
{"timestamp":"2025-12-06T16:18:29.236312Z","request_id":"","stage":"stage_7_repository","level":"INFO","message":"Creating instance in database","status":"success","details":{"instance_name":"test-idempotent","project_id":"test-project","zone":"us-central1-a"}}
{"timestamp":"2025-12-06T16:18:29.239790Z","request_id":"","stage":"stage_7_repository","level":"INFO","message":"Instance created successfully","status":"success","details":{"instance_id":"10215c4d-2db2-458e-b668-6ba8acd31afd","duration_ms":3.477811813354492}}
{"timestamp":"2025-12-06T16:18:29.240795Z","request_id":"","stage":"stage_6_service","level":"INFO","message":"Creating Docker container for instance","status":"success","details":{"instance_id":"10215c4d-2db2-458e-b668-6ba8acd31afd","image":"python:3.12-slim","container_name":"gce-test-project-us-central1-a-test-idempotent"}}
{"timestamp":"2025-12-06T16:18:29.242796Z","request_id":"","stage":"stage_6_service","level":"INFO","message":"Docker container created and started","status":"success","details":{"instance_id":"10215c4d-2db2-458e-b668-6ba8acd31afd","container_id":"test-container"}}
{"timestamp":"2025-12-06T16:18:29.242796Z","request_id":"","stage":"stage_7_repository","level":"INFO","message":"Updating instance status","status":"success","details":{"instance_id":"10215c4d-2db2-458e-b668-6ba8acd31afd","old_status":"PROVISIONING","new_status":"STAGING"}}
{"timestamp":"2025-12-06T16:18:29.242796Z","request_id":"","stage":"stage_7_repository","level":"INFO","message":"Status updated successfully","status":"success","details":{"instance_id":"10215c4d-2db2-458e-b668-6ba8acd31afd","status":"STAGING","duration_ms":0.0}}
{"timestamp":"2025-12-06T16:18:29.242796Z","request_id":"","stage":"stage_7_repository","level":"INFO","message":"Updating instance status","status":"success","details":{"instance_id":"10215c4d-2db2-458e-b668-6ba8acd31afd","old_status":"STAGING","new_status":"RUNNING"}}
{"timestamp":"2025-12-06T16:18:29.242796Z","request_id":"","stage":"stage_7_repository","level":"INFO","message":"Status updated successfully","status":"success","details":{"instance_id":"10215c4d-2db2-458e-b668-6ba8acd31afd","status":"RUNNING","duration_ms":0.0}}
{"timestamp":"2025-12-06T16:18:29.242796Z","request_id":"","stage":"stage_6_service","level":"INFO","message":"Instance created and transitioned to RUNNING","status":"success","details":{"instance_id":"10215c4d-2db2-458e-b668-6ba8acd31afd","instance_name":"test-idempotent","status":"RUNNING","duration_ms":21.814584732055664}}
{"timestamp":"2025-12-06T16:18:29.242796Z","request_id":"","stage":"stage_6_service","level":"INFO","message":"Stopping instance","status":"success","details":{"project_id":"test-project","zone":"us-central1-a","name":"test-idempotent"}}
{"timestamp":"2025-12-06T16:18:29.248936Z","request_id":"","stage":"stage_6_service","level":"INFO","message":"Getting instance","status":"success","details":{"project_id":"test-project","zone":"us-central1-a","name":"test-idempotent"}}
{"timestamp":"2025-12-06T16:18:29.249965Z","request_id":"","stage":"stage_7_repository","level":"INFO","message":"Querying instance","status":"success","details":{"project_id":"test-project","zone":"us-central1-a","name":"test-idempotent"}}
{"timestamp":"2025-12-06T16:18:29.250959Z","request_id":"","stage":"stage_6_service","level":"INFO","message":"Stopping Docker container","status":"success","details":{"instance_id":"10215c4d-2db2-458e-b668-6ba8acd31afd","container_id":"test-container"}}
{"timestamp":"2025-12-06T16:18:29.252050Z","request_id":"","stage":"stage_7_repository","level":"INFO","message":"Updating instance status","status":"success","details":{"instance_id":"10215c4d-2db2-458e-b668-6ba8acd31afd","old_status":"RUNNING","new_status":"STOPPING"}}
{"timestamp":"2025-12-06T16:18:29.253953Z","request_id":"","stage":"stage_7_repository","level":"INFO","message":"Status updated successfully","status":"success","details":{"instance_id":"10215c4d-2db2-458e-b668-6ba8acd31afd","status":"STOPPING","duration_ms":1.9037723541259766}}
{"timestamp":"2025-12-06T16:18:29.253953Z","request_id":"","stage":"stage_7_repository","level":"INFO","message":"Updating instance status","status":"success","details":{"instance_id":"10215c4d-2db2-458e-b668-6ba8acd31afd","old_status":"STOPPING","new_status":"TERMINATED"}}
{"timestamp":"2025-12-06T16:18:29.253953Z","request_id":"","stage":"stage_7_repository","level":"INFO","message":"Status updated successfully","status":"success","details":{"instance_id":"10215c4d-2db2-458e-b668-6ba8acd31afd","status":"TERMINATED","duration_ms":0.0}}
{"timestamp":"2025-12-06T16:18:29.253953Z","request_id":"","stage":"stage_6_service","level":"INFO","message":"Instance stopped successfully","status":"success","details":{"instance_id":"10215c4d-2db2-458e-b668-6ba8acd31afd","status":"TERMINATED","duration_ms":11.157751083374023}}
{"timestamp":"2025-12-06T16:18:29.311757Z","request_id":"req_5b1fa478a4ef","stage":"request_start","level":"INFO","message":"New request initiated","status":"success","details":{"method":"POST","path":"/compute/v1/projects/test-project/zones/us-central1-a/instances","content_length":58,"user_agent":"Werkzeug/2.3.7"}}
{"timestamp":"2025-12-06T16:18:29.311757Z","request_id":"req_5b1fa478a4ef","stage":"stage_3_emulator","level":"INFO","message":"HTTP request received","status":"success","details":{"method":"POST","path":"/compute/v1/projects/test-project/zones/us-central1-a/instances","query_string":"","content_type":"application/json","content_length":58,"remote_addr":"127.0.0.1"}}
{"timestamp":"2025-12-06T16:18:29.311757Z","request_id":"req_5b1fa478a4ef","stage":"stage_5_handler","level":"INFO","message":"Handling create instance request","status":"success","details":{"project":"test-project","zone":"us-central1-a"}}
{"timestamp":"2025-12-06T16:18:29.311757Z","request_id":"req_5b1fa478a4ef","stage":"stage_6_service","level":"INFO","message":"Creating compute instance","status":"success","details":{"project_id":"test-project","zone":"us-central1-a","name":"test-handler-error","machine_type":"e2-medium"}}
{"timestamp":"2025-12-06T16:18:29.318448Z","request_id":"req_5b1fa478a4ef","stage":"stage_7_repository","level":"INFO","message":"Querying instance","status":"success","details":{"project_id":"test-project","zone":"us-central1-a","name":"test-handler-error"}}
{"timestamp":"2025-12-06T16:18:29.320449Z","request_id":"req_5b1fa478a4ef","stage":"stage_7_repository","level":"INFO","message":"Creating instance in database","status":"success","details":{"instance_name":"test-handler-error","project_id":"test-project","zone":"us-central1-a"}}
{"timestamp":"2025-12-06T16:18:29.320449Z","request_id":"req_5b1fa478a4ef","stage":"stage_7_repository","level":"INFO","message":"Instance created successfully","status":"success","details":{"instance_id":"cf7e382a-dec0-4fdb-8f9f-bb4ba54ff281","duration_ms":0.0}}
{"timestamp":"2025-12-06T16:18:29.320449Z","request_id":"req_5b1fa478a4ef","stage":"stage_6_service","level":"INFO","message":"Creating Docker container for instance","status":"success","details":{"instance_id":"cf7e382a-dec0-4fdb-8f9f-bb4ba54ff281","image":"python:3.12-slim","container_name":"gce-test-project-us-central1-a-test-handler-error"}}
{"timestamp":"2025-12-06T16:18:29.320449Z","request_id":"req_5b1fa478a4ef","stage":"stage_6_service","level":"INFO","message":"Docker operation failed during instance creation","status":"success","details":{"instance_id":"cf7e382a-dec0-4fdb-8f9f-bb4ba54ff281","error":"Docker daemon not running"}}
{"timestamp":"2025-12-06T16:18:29.320449Z","request_id":"req_5b1fa478a4ef","stage":"stage_7_repository","level":"INFO","message":"Deleting instance","status":"success","details":{"instance_id":"cf7e382a-dec0-4fdb-8f9f-bb4ba54ff281","instance_name":"test-handler-error"}}
{"timestamp":"2025-12-06T16:18:29.320449Z","request_id":"req_5b1fa478a4ef","stage":"stage_7_repository","level":"INFO","message":"Instance deleted successfully","status":"success","details":{"instance_id":"cf7e382a-dec0-4fdb-8f9f-bb4ba54ff281","duration_ms":0.0}}
{"timestamp":"2025-12-06T16:18:29.320449Z","request_id":"req_5b1fa478a4ef","stage":"stage_5_handler","level":"INFO","message":"Docker operation failed during instance creation","status":"success","details":{"error":"Failed to create Docker container: Docker daemon not running"}}
{"timestamp":"2025-12-06T16:18:29.320449Z","request_id":"req_5b1fa478a4ef","stage":"request_end","level":"INFO","message":"Request completed","status":"error","details":{"final_status":500,"stages_executed":8},"duration_ms":8.69}
{"timestamp":"2025-12-06T16:18:29.375607Z","request_id":"req_79673ada9aaf","stage":"request_start","level":"INFO","message":"New request initiated","status":"success","details":{"method":"POST","path":"/compute/v1/projects/test-project/zones/us-central1-a/instances","content_length":58,"user_agent":"Werkzeug/2.3.7"}}
{"timestamp":"2025-12-06T16:18:29.375607Z","request_id":"req_79673ada9aaf","stage":"stage_3_emulator","level":"INFO","message":"HTTP request received","status":"success","details":{"method":"POST","path":"/compute/v1/projects/test-project/zones/us-central1-a/instances","query_string":"","content_type":"application/json","content_length":58,"remote_addr":"127.0.0.1"}}
{"timestamp":"2025-12-06T16:18:29.383751Z","request_id":"req_79673ada9aaf","stage":"stage_5_handler","level":"INFO","message":"Handling create instance request","status":"success","details":{"project":"test-project","zone":"us-central1-a"}}
{"timestamp":"2025-12-06T16:18:29.384777Z","request_id":"req_79673ada9aaf","stage":"stage_6_service","level":"INFO","message":"Creating compute instance","status":"success","details":{"project_id":"test-project","zone":"us-central1-a","name":"test-start-handler","machine_type":"e2-medium"}}
{"timestamp":"2025-12-06T16:18:29.388790Z","request_id":"req_79673ada9aaf","stage":"stage_7_repository","level":"INFO","message":"Querying instance","status":"success","details":{"project_id":"test-project","zone":"us-central1-a","name":"test-start-handler"}}
{"timestamp":"2025-12-06T16:18:29.395756Z","request_id":"req_79673ada9aaf","stage":"stage_7_repository","level":"INFO","message":"Creating instance in database","status":"success","details":{"instance_name":"test-start-handler","project_id":"test-project","zone":"us-central1-a"}}
{"timestamp":"2025-12-06T16:18:29.404723Z","request_id":"req_79673ada9aaf","stage":"stage_7_repository","level":"INFO","message":"Instance created successfully","status":"success","details":{"instance_id":"fe82f48d-33d8-4246-b851-f65a56fe495f","duration_ms":8.966922760009766}}
{"timestamp":"2025-12-06T16:18:29.407624Z","request_id":"req_79673ada9aaf","stage":"stage_6_service","level":"INFO","message":"Creating Docker container for instance","status":"success","details":{"instance_id":"fe82f48d-33d8-4246-b851-f65a56fe495f","image":"python:3.12-slim","container_name":"gce-test-project-us-central1-a-test-start-handler"}}
{"timestamp":"2025-12-06T16:18:29.410140Z","request_id":"req_79673ada9aaf","stage":"stage_6_service","level":"INFO","message":"Docker container created and started","status":"success","details":{"instance_id":"fe82f48d-33d8-4246-b851-f65a56fe495f","container_id":"test-container"}}
{"timestamp":"2025-12-06T16:18:29.412154Z","request_id":"req_79673ada9aaf","stage":"stage_7_repository","level":"INFO","message":"Updating instance status","status":"success","details":{"instance_id":"fe82f48d-33d8-4246-b851-f65a56fe495f","old_status":"PROVISIONING","new_status":"STAGING"}}
{"timestamp":"2025-12-06T16:18:29.418649Z","request_id":"req_79673ada9aaf","stage":"stage_7_repository","level":"INFO","message":"Status updated successfully","status":"success","details":{"instance_id":"fe82f48d-33d8-4246-b851-f65a56fe495f","status":"STAGING","duration_ms":6.494998931884766}}
{"timestamp":"2025-12-06T16:18:29.418649Z","request_id":"req_79673ada9aaf","stage":"stage_7_repository","level":"INFO","message":"Updating instance status","status":"success","details":{"instance_id":"fe82f48d-33d8-4246-b851-f65a56fe495f","old_status":"STAGING","new_status":"RUNNING"}}
{"timestamp":"2025-12-06T16:18:29.424296Z","request_id":"req_79673ada9aaf","stage":"stage_7_repository","level":"INFO","message":"Status updated successfully","status":"success","details":{"instance_id":"fe82f48d-33d8-4246-b851-f65a56fe495f","status":"RUNNING","duration_ms":5.646705627441406}}
{"timestamp":"2025-12-06T16:18:29.424296Z","request_id":"req_79673ada9aaf","stage":"stage_6_service","level":"INFO","message":"Instance created and transitioned to RUNNING","status":"success","details":{"instance_id":"fe82f48d-33d8-4246-b851-f65a56fe495f","instance_name":"test-start-handler","status":"RUNNING","duration_ms":39.51907157897949}}
{"timestamp":"2025-12-06T16:18:29.424296Z","request_id":"req_79673ada9aaf","stage":"stage_5_handler","level":"INFO","message":"Instance created successfully","status":"success","details":{"instance_id":"fe82f48d-33d8-4246-b851-f65a56fe495f","instance_name":"test-start-handler","duration_ms":40.544748306274414}}
{"timestamp":"2025-12-06T16:18:29.424296Z","request_id":"req_79673ada9aaf","stage":"request_end","level":"INFO","message":"Request completed","status":"success","details":{"final_status":200,"stages_executed":8},"duration_ms":48.69}
{"timestamp":"2025-12-06T16:18:29.435056Z","request_id":"req_aa0cf9d492c5","stage":"request_start","level":"INFO","message":"New request initiated","status":"success","details":{"method":"POST","path":"/compute/v1/projects/test-project/zones/us-central1-a/instances/test-start-handler/stop","content_length":0,"user_agent":"Werkzeug/2.3.7"}}
{"timestamp":"2025-12-06T16:18:29.435056Z","request_id":"req_aa0cf9d492c5","stage":"stage_3_emulator","level":"INFO","message":"HTTP request received","status":"success","details":{"method":"POST","path":"/compute/v1/projects/test-project/zones/us-central1-a/instances/test-start-handler/stop","query_string":"","content_type":null,"content_length":0,"remote_addr":"127.0.0.1"}}
{"timestamp":"2025-12-06T16:18:29.439640Z","request_id":"req_aa0cf9d492c5","stage":"stage_5_handler","level":"INFO","message":"Handling stop instance request","status":"success","details":{"project":"test-project","zone":"us-central1-a","name":"test-start-handler"}}
{"timestamp":"2025-12-06T16:18:29.441650Z","request_id":"req_aa0cf9d492c5","stage":"stage_6_service","level":"INFO","message":"Stopping instance","status":"success","details":{"project_id":"test-project","zone":"us-central1-a","name":"test-start-handler"}}
{"timestamp":"2025-12-06T16:18:29.441650Z","request_id":"req_aa0cf9d492c5","stage":"stage_6_service","level":"INFO","message":"Getting instance","status":"success","details":{"project_id":"test-project","zone":"us-central1-a","name":"test-start-handler"}}
{"timestamp":"2025-12-06T16:18:29.441650Z","request_id":"req_aa0cf9d492c5","stage":"stage_7_repository","level":"INFO","message":"Querying instance","status":"success","details":{"project_id":"test-project","zone":"us-central1-a","name":"test-start-handler"}}
{"timestamp":"2025-12-06T16:18:29.441650Z","request_id":"req_aa0cf9d492c5","stage":"stage_6_service","level":"INFO","message":"Stopping Docker container","status":"success","details":{"instance_id":"fe82f48d-33d8-4246-b851-f65a56fe495f","container_id":"test-container"}}
{"timestamp":"2025-12-06T16:18:29.441650Z","request_id":"req_aa0cf9d492c5","stage":"stage_7_repository","level":"INFO","message":"Updating instance status","status":"success","details":{"instance_id":"fe82f48d-33d8-4246-b851-f65a56fe495f","old_status":"RUNNING","new_status":"STOPPING"}}
{"timestamp":"2025-12-06T16:18:29.451871Z","request_id":"req_aa0cf9d492c5","stage":"stage_7_repository","level":"INFO","message":"Status updated successfully","status":"success","details":{"instance_id":"fe82f48d-33d8-4246-b851-f65a56fe495f","status":"STOPPING","duration_ms":10.221004486083984}}
{"timestamp":"2025-12-06T16:18:29.451871Z","request_id":"req_aa0cf9d492c5","stage":"stage_7_repository","level":"INFO","message":"Updating instance status","status":"success","details":{"instance_id":"fe82f48d-33d8-4246-b851-f65a56fe495f","old_status":"STOPPING","new_status":"TERMINATED"}}
{"timestamp":"2025-12-06T16:18:29.451871Z","request_id":"req_aa0cf9d492c5","stage":"stage_7_repository","level":"INFO","message":"Status updated successfully","status":"success","details":{"instance_id":"fe82f48d-33d8-4246-b851-f65a56fe495f","status":"TERMINATED","duration_ms":0.0}}
{"timestamp":"2025-12-06T16:18:29.451871Z","request_id":"req_aa0cf9d492c5","stage":"stage_6_service","level":"INFO","message":"Instance stopped successfully","status":"success","details":{"instance_id":"fe82f48d-33d8-4246-b851-f65a56fe495f","status":"TERMINATED","duration_ms":10.221004486083984}}
{"timestamp":"2025-12-06T16:18:29.451871Z","request_id":"req_aa0cf9d492c5","stage":"stage_5_handler","level":"INFO","message":"Instance stopped successfully","status":"success","details":{"instance_id":"fe82f48d-33d8-4246-b851-f65a56fe495f","duration_ms":12.23134994506836}}
{"timestamp":"2025-12-06T16:18:29.465595Z","request_id":"req_aa0cf9d492c5","stage":"request_end","level":"INFO","message":"Request completed","status":"success","details":{"final_status":200,"stages_executed":8},"duration_ms":30.54}
{"timestamp":"2025-12-06T16:18:29.468192Z","request_id":"req_e1f176c43c8e","stage":"request_start","level":"INFO","message":"New request initiated","status":"success","details":{"method":"POST","path":"/compute/v1/projects/test-project/zones/us-central1-a/instances/test-start-handler/start","content_length":0,"user_agent":"Werkzeug/2.3.7"}}
{"timestamp":"2025-12-06T16:18:29.470325Z","request_id":"req_e1f176c43c8e","stage":"stage_3_emulator","level":"INFO","message":"HTTP request received","status":"success","details":{"method":"POST","path":"/compute/v1/projects/test-project/zones/us-central1-a/instances/test-start-handler/start","query_string":"","content_type":null,"content_length":0,"remote_addr":"127.0.0.1"}}
{"timestamp":"2025-12-06T16:18:29.470325Z","request_id":"req_e1f176c43c8e","stage":"stage_5_handler","level":"INFO","message":"Handling start instance request","status":"success","details":{"project":"test-project","zone":"us-central1-a","name":"test-start-handler"}}
{"timestamp":"2025-12-06T16:18:29.472336Z","request_id":"req_e1f176c43c8e","stage":"stage_6_service","level":"INFO","message":"Starting instance","status":"success","details":{"project_id":"test-project","zone":"us-central1-a","name":"test-start-handler"}}
{"timestamp":"2025-12-06T16:18:29.472336Z","request_id":"req_e1f176c43c8e","stage":"stage_6_service","level":"INFO","message":"Getting instance","status":"success","details":{"project_id":"test-project","zone":"us-central1-a","name":"test-start-handler"}}
{"timestamp":"2025-12-06T16:18:29.472336Z","request_id":"req_e1f176c43c8e","stage":"stage_7_repository","level":"INFO","message":"Querying instance","status":"success","details":{"project_id":"test-project","zone":"us-central1-a","name":"test-start-handler"}}
{"timestamp":"2025-12-06T16:18:29.472336Z","request_id":"req_e1f176c43c8e","stage":"stage_6_service","level":"INFO","message":"Starting Docker container","status":"success","details":{"instance_id":"fe82f48d-33d8-4246-b851-f65a56fe495f","container_id":"test-container"}}
{"timestamp":"2025-12-06T16:18:29.472336Z","request_id":"req_e1f176c43c8e","stage":"stage_6_service","level":"INFO","message":"Failed to start Docker container","status":"success","details":{"instance_id":"fe82f48d-33d8-4246-b851-f65a56fe495f","container_id":"test-container","error":"Container not found"}}
{"timestamp":"2025-12-06T16:18:29.472336Z","request_id":"req_e1f176c43c8e","stage":"stage_5_handler","level":"INFO","message":"Docker operation failed during instance start","status":"success","details":{"error":"Failed to start Docker container: Container not found"}}
{"timestamp":"2025-12-06T16:18:29.472336Z","request_id":"req_e1f176c43c8e","stage":"request_end","level":"INFO","message":"Request completed","status":"error","details":{"final_status":500,"stages_executed":8},"duration_ms":4.14}
